[03-Oct-2016 09:33:11] <INFO> Initializing TerraMA2 service...
[03-Oct-2016 09:33:11] <INFO> Starting analysis service.
[03-Oct-2016 09:34:42] <INFO> Receiving new configuration...
[03-Oct-2016 09:34:42] <DEBUG> bytes available: 8
[03-Oct-2016 09:34:42] <DEBUG> message size: 4
[03-Oct-2016 09:34:42] <DEBUG> STATUS_SIGNAL
[03-Oct-2016 09:34:42] <DEBUG> bytes available: 268
[03-Oct-2016 09:34:42] <DEBUG> message size: 264
[03-Oct-2016 09:34:42] <DEBUG> JSon size: 260
[03-Oct-2016 09:34:42] <DEBUG> {"class": "Service","instance_id": 2,"instance_name": "Local Analysis","listening_port": 6544,"number_of_threads": 0,"log_database": {"class": "Log","PG_HOST": "127.0.0.1","PG_PORT": 5432,"PG_USER": "postgres","PG_PASSWORD": "postgres","PG_DB_NAME": "nodejs"}}
[03-Oct-2016 09:34:42] <DEBUG> Actual number of threads: 4
[03-Oct-2016 09:34:43] <DEBUG> bytes available: 3364
[03-Oct-2016 09:34:43] <DEBUG> message size: 3360
[03-Oct-2016 09:34:43] <DEBUG> ADD_DATA_SIGNAL
[03-Oct-2016 09:34:43] <DEBUG> JSon size: 3356
[03-Oct-2016 09:34:43] <DEBUG> {"Analysis": [{"class": "Analysis","id": 1,"project_id": 1,"script": "import math\n\ninicio = 1\np1 = grid.history.interval.sum(\"umrel\", str(inicio+1)+\"d\", str(inicio)+\"d\")\np2 = grid.history.interval.sum(\"umrel\", str(inicio+2)+\"d\", str(inicio+1)+\"d\")\np3 = grid.history.interval.sum(\"umrel\", str(inicio+3)+\"d\", str(inicio+2)+\"d\")\np4 = grid.history.interval.sum(\"umrel\", str(inicio+4)+\"d\", str(inicio+3)+\"d\")\np5 = grid.history.interval.sum(\"umrel\", str(inicio+5)+\"d\", str(inicio+4)+\"d\")\np10 = grid.history.interval.sum(\"umrel\", str(inicio+10)+\"d\", str(inicio+6)+\"d\")\np15 = grid.history.interval.sum(\"umrel\", str(inicio+15)+\"d\", str(inicio+11)+\"d\")\np30 = grid.history.interval.sum(\"umrel\", str(inicio+30)+\"d\", str(inicio+16)+\"d\")\np60 = grid.history.interval.sum(\"umrel\", str(inicio+60)+\"d\", str(inicio+31)+\"d\")\np90 = grid.history.interval.sum(\"umrel\", str(inicio+90)+\"d\", str(inicio+61)+\"d\")\np120 = grid.history.interval.sum(\"umrel\", str(inicio+120)+\"d\", str(inicio+91)+\"d\")\n\n\nfp1 = math.exp(-0.14*p1)\nfp2 = math.exp(-0.07*p2)\nfp3 = math.exp(-0.04*p3)\nfp4 = math.exp(-0.03*p4)\nfp5 = math.exp(-0.02*p5)\nfp10 = math.exp(-0.01*p10)\nfp15 = math.exp(-0.008*p15)\nfp30 = math.exp(-0.004*p30)\nfp60 = math.exp(-0.002*p60)\nfp90 = math.exp(-0.001*p90)\nfp120 = math.exp(-0.0007*p120)\n\nPSE = 105*fp1*fp2*fp3*fp4*fp5*fp10*fp15*fp30*fp60*fp90*fp120\n\nreturn PSE\n","script_language": 1,"type": 3,"name": "Queimadas","description": null,"active": true,"output_dataseries_id": 2,"metadata": {},"analysis_dataseries_list": [{"class": "AnalysisDataSeries","id": 1,"data_series_id": 1,"type": 4,"alias": "Umin","metadata": {}}],"schedule": {"class": "Schedule","id": 1,"frequency": 24,"frequency_unit": "hours","frequency_start_time": null,"schedule": null,"schedule_time": null,"schedule_unit": null,"schedule_retry": null,"schedule_retry_unit": null,"schedule_timeout": null,"schedule_timeout_unit": null},"service_instance_id": 2,"output_grid": {"class": "AnalysisOutputGrid","interpolation_dummy": 0,"interpolation_method": 1,"srid": 4326,"analysis_id": 1,"area_of_interest_type": 3,"area_of_interest_data_series_id": null,"area_of_interest_box": "SRID=4326;POLYGON((-123 12,-123 25,-88 25,-88 12,-123 12))","resolution_x": null,"resolution_y": null,"resolution_type": 3,"resolution_data_series_id": 1},"reprocessing_historical_data": {"class": "ReprocessingHistoricalData","start_date": "2015-09-01T00:00:00.908-03:00","end_date": "2015-12-31T00:00:00.918-02:00"}}],"DataSeries": [{"class": "DataSeries","id": 2,"name": "Queimadas","description": "Generated by analysis Queimadas","data_provider_id": 1,"semantics": "GRID-geotiff","datasets": [{"class": "DataSet","id": 2,"data_series_id": 2,"active": true,"format": {"timezone": "-3","mask": "queimadas_teste.tiff"}}]},{"class": "DataSeries","id": 1,"name": "Umin","description": null,"data_provider_id": 1,"semantics": "GRID-geotiff","datasets": [{"class": "DataSet","id": 1,"data_series_id": 1,"active": true,"format": {"timezone": "-3","mask": "umin_ddMMyyyy.tif"}}]}],"DataProviders": [{"class": "DataProvider","id": 1,"project_id": 1,"data_provider_type": "FILE","intent": 1,"name": "Queimadas Tiff","description": null,"uri": "file:///home/paulo/Workspace/data/grads/teste/queimadas/output","active": true}],"Collectors": []}
[03-Oct-2016 09:34:46] <INFO> Starting analysis 1 execution: 2015-Sep-01 03:00:00.908000-03
[03-Oct-2016 09:34:46] <DEBUG> bytes available: 8
[03-Oct-2016 09:34:46] <DEBUG> message size: 4
[03-Oct-2016 09:34:46] <DEBUG> STATUS_SIGNAL
[03-Oct-2016 09:34:46] <INFO> Starting analysis 1 execution: 2015-Sep-02 03:00:00.908000-03
[03-Oct-2016 09:34:46] <INFO> Starting analysis 1 execution: 2015-Sep-03 03:00:00.908000-03
[03-Oct-2016 09:34:46] <INFO> Starting analysis 1 execution: 2015-Sep-04 03:00:00.908000-03
[03-Oct-2016 09:34:52] <ERROR> {/home/paulo/Workspace/terrama2/src/terrama2/core/data-model/DataManager.cpp, 256} Could not find a data series with the given name: umrel.
[03-Oct-2016 09:35:31] <DEBUG> bytes available: 2861
[03-Oct-2016 09:35:31] <DEBUG> message size: 2857
[03-Oct-2016 09:35:31] <DEBUG> ADD_DATA_SIGNAL
[03-Oct-2016 09:35:31] <DEBUG> JSon size: 2853
[03-Oct-2016 09:35:31] <DEBUG> {"DataSeries": [{"class": "DataSeries","id": 2,"name": "Queimadas","description": "Generated by analysis Queimadas","data_provider_id": 1,"semantics": "GRID-geotiff","datasets": [{"class": "DataSet","id": 2,"data_series_id": 2,"active": true,"format": {"timezone": "-3","mask": "queimadas_teste.tiff"}}]}],"Analysis": [{"class": "Analysis","id": 1,"project_id": 1,"script": "import math\n\ninicio = 1\np1 = grid.history.interval.sum(\"umrel\", str(inicio+1)+\"d\", str(inicio)+\"d\")\np2 = grid.history.interval.sum(\"umrel\", str(inicio+2)+\"d\", str(inicio+1)+\"d\")\np3 = grid.history.interval.sum(\"umrel\", str(inicio+3)+\"d\", str(inicio+2)+\"d\")\np4 = grid.history.interval.sum(\"umrel\", str(inicio+4)+\"d\", str(inicio+3)+\"d\")\np5 = grid.history.interval.sum(\"umrel\", str(inicio+5)+\"d\", str(inicio+4)+\"d\")\np10 = grid.history.interval.sum(\"umrel\", str(inicio+10)+\"d\", str(inicio+6)+\"d\")\np15 = grid.history.interval.sum(\"umrel\", str(inicio+15)+\"d\", str(inicio+11)+\"d\")\np30 = grid.history.interval.sum(\"umrel\", str(inicio+30)+\"d\", str(inicio+16)+\"d\")\np60 = grid.history.interval.sum(\"umrel\", str(inicio+60)+\"d\", str(inicio+31)+\"d\")\np90 = grid.history.interval.sum(\"umrel\", str(inicio+90)+\"d\", str(inicio+61)+\"d\")\np120 = grid.history.interval.sum(\"umrel\", str(inicio+120)+\"d\", str(inicio+91)+\"d\")\n\n\nfp1 = math.exp(-0.14*p1)\nfp2 = math.exp(-0.07*p2)\nfp3 = math.exp(-0.04*p3)\nfp4 = math.exp(-0.03*p4)\nfp5 = math.exp(-0.02*p5)\nfp10 = math.exp(-0.01*p10)\nfp15 = math.exp(-0.008*p15)\nfp30 = math.exp(-0.004*p30)\nfp60 = math.exp(-0.002*p60)\nfp90 = math.exp(-0.001*p90)\nfp120 = math.exp(-0.0007*p120)\n\nPSE = 105*fp1*fp2*fp3*fp4*fp5*fp10*fp15*fp30*fp60*fp90*fp120\n\nreturn PSE\n","script_language": 1,"type": 3,"name": "Queimadas","description": null,"active": true,"output_dataseries_id": 2,"metadata": {},"analysis_dataseries_list": [{"class": "AnalysisDataSeries","id": 1,"data_series_id": 1,"type": 4,"alias": "Umin","metadata": {}}],"schedule": {"class": "Schedule","id": 1,"frequency": 24,"frequency_unit": "hours","frequency_start_time": null,"schedule": null,"schedule_time": null,"schedule_unit": null,"schedule_retry": null,"schedule_retry_unit": null,"schedule_timeout": null,"schedule_timeout_unit": null},"service_instance_id": 2,"output_grid": {"class": "AnalysisOutputGrid","id": 1,"interpolation_dummy": 0,"interpolation_method": 1,"srid": 4326,"analysis_id": 1,"area_of_interest_type": 3,"area_of_interest_data_series_id": null,"area_of_interest_box": "SRID=4326;POLYGON((-123 12,-123 25,-88 25,-88 12,-123 12))","resolution_x": null,"resolution_y": null,"resolution_type": 3,"resolution_data_series_id": 1},"reprocessing_historical_data": {"class": "ReprocessingHistoricalData","start_date": "2015-09-01T00:00:00.908-03:00","end_date": "2015-12-31T00:00:00.918-02:00"}}]}
[03-Oct-2016 09:35:48] <DEBUG> bytes available: 20
[03-Oct-2016 09:35:48] <DEBUG> message size: 16
[03-Oct-2016 09:35:48] <DEBUG> START_PROCESS_SIGNAL
[03-Oct-2016 09:35:48] <DEBUG> JSon size: 12
[03-Oct-2016 09:35:48] <DEBUG> {"ids": [1]}
[03-Oct-2016 09:39:46] <INFO> Initializing TerraMA2 service...
[03-Oct-2016 09:39:46] <INFO> Starting analysis service.
[03-Oct-2016 09:40:34] <INFO> Receiving new configuration...
[03-Oct-2016 09:40:34] <DEBUG> bytes available: 8
[03-Oct-2016 09:40:34] <DEBUG> message size: 4
[03-Oct-2016 09:40:34] <DEBUG> STATUS_SIGNAL
[03-Oct-2016 09:40:34] <DEBUG> bytes available: 268
[03-Oct-2016 09:40:34] <DEBUG> message size: 264
[03-Oct-2016 09:40:34] <DEBUG> JSon size: 260
[03-Oct-2016 09:40:34] <DEBUG> {"class": "Service","instance_id": 2,"instance_name": "Local Analysis","listening_port": 6544,"number_of_threads": 0,"log_database": {"class": "Log","PG_HOST": "127.0.0.1","PG_PORT": 5432,"PG_USER": "postgres","PG_PASSWORD": "postgres","PG_DB_NAME": "nodejs"}}
[03-Oct-2016 09:40:34] <DEBUG> Actual number of threads: 4
[03-Oct-2016 09:40:35] <DEBUG> bytes available: 3365
[03-Oct-2016 09:40:35] <DEBUG> message size: 3361
[03-Oct-2016 09:40:35] <DEBUG> ADD_DATA_SIGNAL
[03-Oct-2016 09:40:35] <DEBUG> JSon size: 3357
[03-Oct-2016 09:40:35] <DEBUG> {"Analysis": [{"class": "Analysis","id": 1,"project_id": 1,"script": "import math\n\ninicio = 1\np1 = grid.history.interval.sum(\"umrel\", str(inicio+1)+\"d\", str(inicio)+\"d\")\np2 = grid.history.interval.sum(\"umrel\", str(inicio+2)+\"d\", str(inicio+1)+\"d\")\np3 = grid.history.interval.sum(\"umrel\", str(inicio+3)+\"d\", str(inicio+2)+\"d\")\np4 = grid.history.interval.sum(\"umrel\", str(inicio+4)+\"d\", str(inicio+3)+\"d\")\np5 = grid.history.interval.sum(\"umrel\", str(inicio+5)+\"d\", str(inicio+4)+\"d\")\np10 = grid.history.interval.sum(\"umrel\", str(inicio+10)+\"d\", str(inicio+6)+\"d\")\np15 = grid.history.interval.sum(\"umrel\", str(inicio+15)+\"d\", str(inicio+11)+\"d\")\np30 = grid.history.interval.sum(\"umrel\", str(inicio+30)+\"d\", str(inicio+16)+\"d\")\np60 = grid.history.interval.sum(\"umrel\", str(inicio+60)+\"d\", str(inicio+31)+\"d\")\np90 = grid.history.interval.sum(\"umrel\", str(inicio+90)+\"d\", str(inicio+61)+\"d\")\np120 = grid.history.interval.sum(\"umrel\", str(inicio+120)+\"d\", str(inicio+91)+\"d\")\n\n\nfp1 = math.exp(-0.14*p1)\nfp2 = math.exp(-0.07*p2)\nfp3 = math.exp(-0.04*p3)\nfp4 = math.exp(-0.03*p4)\nfp5 = math.exp(-0.02*p5)\nfp10 = math.exp(-0.01*p10)\nfp15 = math.exp(-0.008*p15)\nfp30 = math.exp(-0.004*p30)\nfp60 = math.exp(-0.002*p60)\nfp90 = math.exp(-0.001*p90)\nfp120 = math.exp(-0.0007*p120)\n\nPSE = 105*fp1*fp2*fp3*fp4*fp5*fp10*fp15*fp30*fp60*fp90*fp120\n\nreturn PSE\n","script_language": 1,"type": 3,"name": "Queimadas","description": null,"active": true,"output_dataseries_id": 2,"metadata": {},"analysis_dataseries_list": [{"class": "AnalysisDataSeries","id": 1,"data_series_id": 1,"type": 4,"alias": "umrel","metadata": {}}],"schedule": {"class": "Schedule","id": 1,"frequency": 24,"frequency_unit": "hours","frequency_start_time": null,"schedule": null,"schedule_time": null,"schedule_unit": null,"schedule_retry": null,"schedule_retry_unit": null,"schedule_timeout": null,"schedule_timeout_unit": null},"service_instance_id": 2,"output_grid": {"class": "AnalysisOutputGrid","interpolation_dummy": 0,"interpolation_method": 1,"srid": 4326,"analysis_id": 1,"area_of_interest_type": 3,"area_of_interest_data_series_id": null,"area_of_interest_box": "SRID=4326;POLYGON((-123 12,-123 25,-88 25,-88 12,-123 12))","resolution_x": null,"resolution_y": null,"resolution_type": 3,"resolution_data_series_id": 1},"reprocessing_historical_data": {"class": "ReprocessingHistoricalData","start_date": "2015-09-01T00:00:00.908-03:00","end_date": "2015-12-31T00:00:00.918-02:00"}}],"DataSeries": [{"class": "DataSeries","id": 2,"name": "Queimadas","description": "Generated by analysis Queimadas","data_provider_id": 1,"semantics": "GRID-geotiff","datasets": [{"class": "DataSet","id": 2,"data_series_id": 2,"active": true,"format": {"timezone": "-3","mask": "queimadas_teste.tiff"}}]},{"class": "DataSeries","id": 1,"name": "Umin","description": null,"data_provider_id": 1,"semantics": "GRID-geotiff","datasets": [{"class": "DataSet","id": 1,"data_series_id": 1,"active": true,"format": {"timezone": "-3","mask": "umin_ddMMyyyy.tif"}}]}],"DataProviders": [{"class": "DataProvider","id": 1,"project_id": 1,"data_provider_type": "FILE","intent": 1,"name": "Queimadas Tiff","description": null,"uri": "file:///home/paulo/Workspace/data/grads/teste/queimadas/output","active": true}],"Collectors": []}
[03-Oct-2016 09:40:37] <INFO> Starting analysis 1 execution: 2015-Sep-02 03:00:00.908000-03
[03-Oct-2016 09:40:37] <INFO> Starting analysis 1 execution: 2015-Sep-01 03:00:00.908000-03
[03-Oct-2016 09:40:37] <INFO> Starting analysis 1 execution: 2015-Sep-04 03:00:00.908000-03
[03-Oct-2016 09:40:37] <INFO> Starting analysis 1 execution: 2015-Sep-03 03:00:00.908000-03
[03-Oct-2016 09:40:37] <DEBUG> bytes available: 8
[03-Oct-2016 09:40:37] <DEBUG> message size: 4
[03-Oct-2016 09:40:37] <DEBUG> STATUS_SIGNAL
[03-Oct-2016 09:40:45] <WARNING> No data in dataset: 1.
[03-Oct-2016 09:40:46] <WARNING> No data in dataset: 1.
[03-Oct-2016 09:40:48] <WARNING> No data in dataset: 1.
[03-Oct-2016 09:40:49] <WARNING> No data in dataset: 1.
[03-Oct-2016 11:04:52] <INFO> Initializing TerraMA2 service...
[03-Oct-2016 11:04:52] <INFO> Starting analysis service.
