0 info it worked if it ends with ok
1 verbose cli [ '/usr/local/bin/node', '/usr/local/bin/npm', 'start' ]
2 info using npm@3.10.6
3 info using node@v4.5.0
4 verbose run-script [ 'prestart', 'start', 'poststart' ]
5 info lifecycle TerraMA2-webmonitor@1.0.0-alpha~prestart: TerraMA2-webmonitor@1.0.0-alpha
6 silly lifecycle TerraMA2-webmonitor@1.0.0-alpha~prestart: no script for prestart, continuing
7 info lifecycle TerraMA2-webmonitor@1.0.0-alpha~start: TerraMA2-webmonitor@1.0.0-alpha
8 verbose lifecycle TerraMA2-webmonitor@1.0.0-alpha~start: unsafe-perm in lifecycle true
9 verbose lifecycle TerraMA2-webmonitor@1.0.0-alpha~start: PATH: /usr/local/lib/node_modules/npm/bin/node-gyp-bin:/Users/francisco/projects/terrama2/webmonitor/node_modules/.bin:/Users/francisco/Qt/5.4/clang_64/bin:/usr/bin:/bin:/usr/sbin:/sbin:/usr/local/bin:/opt/X11/bin
10 verbose lifecycle TerraMA2-webmonitor@1.0.0-alpha~start: CWD: /Users/francisco/projects/terrama2/webmonitor
11 silly lifecycle TerraMA2-webmonitor@1.0.0-alpha~start: Args: [ '-c', 'node ./bin/www' ]
12 silly lifecycle TerraMA2-webmonitor@1.0.0-alpha~start: Returned: code: 1  signal: null
13 info lifecycle TerraMA2-webmonitor@1.0.0-alpha~start: Failed to exec start script
14 verbose stack Error: TerraMA2-webmonitor@1.0.0-alpha start: `node ./bin/www`
14 verbose stack Exit status 1
14 verbose stack     at EventEmitter.<anonymous> (/usr/local/lib/node_modules/npm/lib/utils/lifecycle.js:255:16)
14 verbose stack     at emitTwo (events.js:87:13)
14 verbose stack     at EventEmitter.emit (events.js:172:7)
14 verbose stack     at ChildProcess.<anonymous> (/usr/local/lib/node_modules/npm/lib/utils/spawn.js:40:14)
14 verbose stack     at emitTwo (events.js:87:13)
14 verbose stack     at ChildProcess.emit (events.js:172:7)
14 verbose stack     at maybeClose (internal/child_process.js:829:16)
14 verbose stack     at Process.ChildProcess._handle.onexit (internal/child_process.js:211:5)
15 verbose pkgid TerraMA2-webmonitor@1.0.0-alpha
16 verbose cwd /Users/francisco/projects/terrama2/webmonitor
17 error Darwin 15.4.0
18 error argv "/usr/local/bin/node" "/usr/local/bin/npm" "start"
19 error node v4.5.0
20 error npm  v3.10.6
21 error code ELIFECYCLE
22 error TerraMA2-webmonitor@1.0.0-alpha start: `node ./bin/www`
22 error Exit status 1
23 error Failed at the TerraMA2-webmonitor@1.0.0-alpha start script 'node ./bin/www'.
23 error Make sure you have the latest version of node.js and npm installed.
23 error If you do, this is most likely a problem with the TerraMA2-webmonitor package,
23 error not with npm itself.
23 error Tell the author that this fails on your system:
23 error     node ./bin/www
23 error You can get information on how to open an issue for this project with:
23 error     npm bugs TerraMA2-webmonitor
23 error Or if that isn't available, you can get their info via:
23 error     npm owner ls TerraMA2-webmonitor
23 error There is likely additional logging output above.
24 verbose exit [ 1, true ]
